<?xml version="1.0" encoding="UTF-8"?>
<testng-results ignored="0" total="1" passed="0" failed="1" skipped="0">
  <reporter-output>
    <line>
      <![CDATA[<div "result">User is on the homepage (PASSED : 20s)</div>]]>
    </line>
    <line>
      <![CDATA[<div "result">User provides unregistered 1111111111 mobile number (PASSED : 2s)</div>]]>
    </line>
    <line>
      <![CDATA[<div "result">user should successfully view mobile no is not registered (FAILED : 30s)</div>]]>
    </line>
  </reporter-output>
  <suite started-at="2021-05-09T11:27:47 IST" name="Default suite" finished-at="2021-05-09T11:28:54 IST" duration-ms="66757">
    <groups>
      <group name="cucumber">
        <method signature="AbstractTestNGCucumberTests.runScenario(cucumber.api.testng.PickleEventWrapper,cucumber.api.testng.CucumberFeatureWrapper)[pri:0, instance:runner.CheckNumber@41e36e46]" name="runScenario" class="cucumber.api.testng.AbstractTestNGCucumberTests"/>
      </group> <!-- cucumber -->
    </groups>
    <test started-at="2021-05-09T11:27:47 IST" name="Default test" finished-at="2021-05-09T11:28:54 IST" duration-ms="66757">
      <class name="runner.CheckNumber">
        <test-method is-config="true" signature="setUpClass()[pri:0, instance:runner.CheckNumber@41e36e46]" started-at="2021-05-09T11:27:47 IST" name="setUpClass" finished-at="2021-05-09T11:27:48 IST" duration-ms="708" status="PASS">
          <reporter-output>
          </reporter-output>
        </test-method> <!-- setUpClass -->
        <test-method signature="runScenario(cucumber.api.testng.PickleEventWrapper,cucumber.api.testng.CucumberFeatureWrapper)[pri:0, instance:runner.CheckNumber@41e36e46]" started-at="2021-05-09T11:27:48 IST" name="runScenario" description="Runs Cucumber Scenarios" data-provider="scenarios" finished-at="2021-05-09T11:28:54 IST" duration-ms="65670" status="FAIL">
          <params>
            <param index="0">
              <value>
                <![CDATA["verify login by providing unregistered mobile no"]]>
              </value>
            </param>
            <param index="1">
              <value>
                <![CDATA["Check the functionality of login by providing unregistered mobile no"]]>
              </value>
            </param>
          </params>
          <exception class="java.lang.AssertionError">
            <message>
              <![CDATA[expected [mobile no is not registered] but found [An OTP has been sent to your registered mobile number.]]]>
            </message>
            <full-stacktrace>
              <![CDATA[java.lang.AssertionError: expected [mobile no is not registered] but found [An OTP has been sent to your registered mobile number.]
at org.testng.Assert.fail(Assert.java:99)
at org.testng.Assert.failNotEquals(Assert.java:1037)
at org.testng.Assert.assertEqualsImpl(Assert.java:140)
at org.testng.Assert.assertEquals(Assert.java:122)
at org.testng.Assert.assertEquals(Assert.java:629)
at org.testng.Assert.assertEquals(Assert.java:639)
at stepDefinition.UnregisteredNumber.user_should_successfully_view_mobile_no_is_not_registered(UnregisteredNumber.java:50)
at âœ½.user should successfully view mobile no is not registered(src/test/resources/Feature/UnregisteredNo.feature:5)
]]>
            </full-stacktrace>
          </exception> <!-- java.lang.AssertionError -->
          <reporter-output>
            <line>
              <![CDATA[<div "result">User is on the homepage (PASSED : 20s)</div>]]>
            </line>
            <line>
              <![CDATA[<div "result">User provides unregistered 1111111111 mobile number (PASSED : 2s)</div>]]>
            </line>
            <line>
              <![CDATA[<div "result">user should successfully view mobile no is not registered (FAILED : 30s)</div>]]>
            </line>
          </reporter-output>
        </test-method> <!-- runScenario -->
        <test-method is-config="true" signature="tearDownClass()[pri:0, instance:runner.CheckNumber@41e36e46]" started-at="2021-05-09T11:28:54 IST" name="tearDownClass" finished-at="2021-05-09T11:28:54 IST" duration-ms="142" status="PASS">
          <reporter-output>
          </reporter-output>
        </test-method> <!-- tearDownClass -->
      </class> <!-- runner.CheckNumber -->
    </test> <!-- Default test -->
  </suite> <!-- Default suite -->
</testng-results>
